{"/Users/andelarwanda1/Desktop/ANDELA/BACKEND/controllers/blog.js": {"path":"/Users/andelarwanda1/Desktop/ANDELA/BACKEND/controllers/blog.js","statementMap":{"0":{"start":{"line":1,"column":13},"end":{"line":1,"column":38}},"1":{"start":{"line":2,"column":12},"end":{"line":2,"column":26}},"2":{"start":{"line":5,"column":19},"end":{"line":35,"column":3}},"3":{"start":{"line":7,"column":17},"end":{"line":11,"column":4}},"4":{"start":{"line":12,"column":20},"end":{"line":12,"column":45}},"5":{"start":{"line":14,"column":2},"end":{"line":18,"column":3}},"6":{"start":{"line":15,"column":3},"end":{"line":15,"column":22}},"7":{"start":{"line":16,"column":3},"end":{"line":16,"column":14}},"8":{"start":{"line":17,"column":3},"end":{"line":17,"column":45}},"9":{"start":{"line":20,"column":17},"end":{"line":24,"column":6}},"10":{"start":{"line":25,"column":4},"end":{"line":33,"column":5}},"11":{"start":{"line":27,"column":5},"end":{"line":27,"column":23}},"12":{"start":{"line":28,"column":5},"end":{"line":28,"column":16}},"13":{"start":{"line":29,"column":3},"end":{"line":29,"column":68}},"14":{"start":{"line":31,"column":6},"end":{"line":31,"column":17}},"15":{"start":{"line":32,"column":3},"end":{"line":32,"column":45}},"16":{"start":{"line":34,"column":4},"end":{"line":34,"column":52}},"17":{"start":{"line":36,"column":24},"end":{"line":39,"column":3}},"18":{"start":{"line":42,"column":21},"end":{"line":50,"column":3}},"19":{"start":{"line":44,"column":6},"end":{"line":49,"column":7}},"20":{"start":{"line":45,"column":23},"end":{"line":45,"column":42}},"21":{"start":{"line":46,"column":10},"end":{"line":46,"column":46}},"22":{"start":{"line":48,"column":10},"end":{"line":48,"column":71}},"23":{"start":{"line":53,"column":21},"end":{"line":60,"column":3}},"24":{"start":{"line":54,"column":4},"end":{"line":59,"column":5}},"25":{"start":{"line":55,"column":19},"end":{"line":55,"column":61}},"26":{"start":{"line":56,"column":6},"end":{"line":56,"column":42}},"27":{"start":{"line":58,"column":6},"end":{"line":58,"column":61}},"28":{"start":{"line":62,"column":21},"end":{"line":77,"column":3}},"29":{"start":{"line":64,"column":19},"end":{"line":64,"column":61}},"30":{"start":{"line":65,"column":6},"end":{"line":67,"column":7}},"31":{"start":{"line":66,"column":8},"end":{"line":66,"column":36}},"32":{"start":{"line":68,"column":6},"end":{"line":70,"column":7}},"33":{"start":{"line":69,"column":8},"end":{"line":69,"column":48}},"34":{"start":{"line":71,"column":6},"end":{"line":76,"column":5}},"35":{"start":{"line":72,"column":6},"end":{"line":72,"column":24}},"36":{"start":{"line":73,"column":6},"end":{"line":73,"column":21}},"37":{"start":{"line":75,"column":6},"end":{"line":75,"column":63}},"38":{"start":{"line":79,"column":21},"end":{"line":88,"column":3}},"39":{"start":{"line":81,"column":4},"end":{"line":87,"column":5}},"40":{"start":{"line":82,"column":18},"end":{"line":82,"column":61}},"41":{"start":{"line":83,"column":6},"end":{"line":83,"column":23}},"42":{"start":{"line":84,"column":6},"end":{"line":84,"column":76}},"43":{"start":{"line":86,"column":6},"end":{"line":86,"column":61}},"44":{"start":{"line":91,"column":0},"end":{"line":97,"column":2}}},"fnMap":{"0":{"name":"(anonymous_0)","decl":{"start":{"line":5,"column":19},"end":{"line":5,"column":20}},"loc":{"start":{"line":5,"column":39},"end":{"line":35,"column":3}},"line":5},"1":{"name":"(anonymous_1)","decl":{"start":{"line":36,"column":24},"end":{"line":36,"column":25}},"loc":{"start":{"line":36,"column":38},"end":{"line":39,"column":3}},"line":36},"2":{"name":"(anonymous_2)","decl":{"start":{"line":42,"column":21},"end":{"line":42,"column":22}},"loc":{"start":{"line":42,"column":37},"end":{"line":50,"column":3}},"line":42},"3":{"name":"(anonymous_3)","decl":{"start":{"line":53,"column":21},"end":{"line":53,"column":22}},"loc":{"start":{"line":53,"column":41},"end":{"line":60,"column":3}},"line":53},"4":{"name":"(anonymous_4)","decl":{"start":{"line":62,"column":21},"end":{"line":62,"column":22}},"loc":{"start":{"line":62,"column":41},"end":{"line":77,"column":3}},"line":62},"5":{"name":"(anonymous_5)","decl":{"start":{"line":79,"column":21},"end":{"line":79,"column":22}},"loc":{"start":{"line":79,"column":41},"end":{"line":88,"column":3}},"line":79}},"branchMap":{"0":{"loc":{"start":{"line":14,"column":2},"end":{"line":18,"column":3}},"type":"if","locations":[{"start":{"line":14,"column":2},"end":{"line":18,"column":3}},{"start":{},"end":{}}],"line":14},"1":{"loc":{"start":{"line":65,"column":6},"end":{"line":67,"column":7}},"type":"if","locations":[{"start":{"line":65,"column":6},"end":{"line":67,"column":7}},{"start":{},"end":{}}],"line":65},"2":{"loc":{"start":{"line":68,"column":6},"end":{"line":70,"column":7}},"type":"if","locations":[{"start":{"line":68,"column":6},"end":{"line":70,"column":7}},{"start":{},"end":{}}],"line":68}},"s":{"0":1,"1":1,"2":1,"3":1,"4":1,"5":1,"6":0,"7":0,"8":0,"9":1,"10":1,"11":1,"12":1,"13":1,"14":0,"15":0,"16":1,"17":1,"18":1,"19":1,"20":1,"21":1,"22":0,"23":1,"24":1,"25":1,"26":1,"27":0,"28":1,"29":1,"30":1,"31":1,"32":1,"33":1,"34":1,"35":1,"36":1,"37":0,"38":1,"39":0,"40":0,"41":0,"42":0,"43":0,"44":1},"f":{"0":1,"1":0,"2":1,"3":1,"4":1,"5":0},"b":{"0":[0,1],"1":[1,0],"2":[1,0]},"_coverageSchema":"1a1c01bbd47fc00a2c39e90264f33305004495a9","hash":"4a3903c6305606131c64627f00168ad950a2d056"}
,"/Users/andelarwanda1/Desktop/ANDELA/BACKEND/controllers/user.controller.js": {"path":"/Users/andelarwanda1/Desktop/ANDELA/BACKEND/controllers/user.controller.js","statementMap":{"0":{"start":{"line":1,"column":13},"end":{"line":1,"column":45}},"1":{"start":{"line":2,"column":39},"end":{"line":2,"column":80}},"2":{"start":{"line":3,"column":30},"end":{"line":3,"column":49}},"3":{"start":{"line":4,"column":10},"end":{"line":4,"column":33}},"4":{"start":{"line":5,"column":0},"end":{"line":5,"column":25}},"5":{"start":{"line":7,"column":19},"end":{"line":27,"column":1}},"6":{"start":{"line":8,"column":27},"end":{"line":8,"column":49}},"7":{"start":{"line":9,"column":2},"end":{"line":12,"column":3}},"8":{"start":{"line":10,"column":4},"end":{"line":10,"column":23}},"9":{"start":{"line":11,"column":4},"end":{"line":11,"column":47}},"10":{"start":{"line":13,"column":13},"end":{"line":13,"column":58}},"11":{"start":{"line":14,"column":2},"end":{"line":14,"column":67}},"12":{"start":{"line":14,"column":12},"end":{"line":14,"column":67}},"13":{"start":{"line":15,"column":2},"end":{"line":15,"column":60}},"14":{"start":{"line":16,"column":2},"end":{"line":19,"column":5}},"15":{"start":{"line":20,"column":2},"end":{"line":25,"column":3}},"16":{"start":{"line":21,"column":4},"end":{"line":21,"column":22}},"17":{"start":{"line":22,"column":4},"end":{"line":22,"column":76}},"18":{"start":{"line":24,"column":4},"end":{"line":24,"column":60}},"19":{"start":{"line":29,"column":19},"end":{"line":38,"column":1}},"20":{"start":{"line":30,"column":2},"end":{"line":36,"column":3}},"21":{"start":{"line":31,"column":18},"end":{"line":31,"column":37}},"22":{"start":{"line":32,"column":4},"end":{"line":32,"column":40}},"23":{"start":{"line":35,"column":4},"end":{"line":35,"column":65}},"24":{"start":{"line":40,"column":19},"end":{"line":53,"column":1}},"25":{"start":{"line":43,"column":2},"end":{"line":51,"column":3}},"26":{"start":{"line":44,"column":17},"end":{"line":46,"column":6}},"27":{"start":{"line":47,"column":4},"end":{"line":47,"column":39}},"28":{"start":{"line":50,"column":4},"end":{"line":50,"column":75}},"29":{"start":{"line":54,"column":19},"end":{"line":72,"column":1}},"30":{"start":{"line":55,"column":20},"end":{"line":55,"column":42}},"31":{"start":{"line":56,"column":2},"end":{"line":58,"column":3}},"32":{"start":{"line":57,"column":4},"end":{"line":57,"column":58}},"33":{"start":{"line":60,"column":13},"end":{"line":60,"column":47}},"34":{"start":{"line":61,"column":2},"end":{"line":61,"column":59}},"35":{"start":{"line":61,"column":13},"end":{"line":61,"column":59}},"36":{"start":{"line":63,"column":2},"end":{"line":65,"column":3}},"37":{"start":{"line":64,"column":4},"end":{"line":64,"column":62}},"38":{"start":{"line":67,"column":2},"end":{"line":70,"column":4}},"39":{"start":{"line":71,"column":2},"end":{"line":71,"column":33}},"40":{"start":{"line":73,"column":19},"end":{"line":78,"column":1}},"41":{"start":{"line":74,"column":15},"end":{"line":74,"column":58}},"42":{"start":{"line":75,"column":2},"end":{"line":76,"column":76}},"43":{"start":{"line":76,"column":4},"end":{"line":76,"column":76}},"44":{"start":{"line":77,"column":2},"end":{"line":77,"column":90}},"45":{"start":{"line":79,"column":0},"end":{"line":85,"column":2}}},"fnMap":{"0":{"name":"(anonymous_0)","decl":{"start":{"line":7,"column":19},"end":{"line":7,"column":20}},"loc":{"start":{"line":7,"column":39},"end":{"line":27,"column":1}},"line":7},"1":{"name":"(anonymous_1)","decl":{"start":{"line":29,"column":19},"end":{"line":29,"column":20}},"loc":{"start":{"line":29,"column":39},"end":{"line":38,"column":1}},"line":29},"2":{"name":"(anonymous_2)","decl":{"start":{"line":40,"column":19},"end":{"line":40,"column":20}},"loc":{"start":{"line":40,"column":39},"end":{"line":53,"column":1}},"line":40},"3":{"name":"(anonymous_3)","decl":{"start":{"line":54,"column":19},"end":{"line":54,"column":20}},"loc":{"start":{"line":54,"column":39},"end":{"line":72,"column":1}},"line":54},"4":{"name":"(anonymous_4)","decl":{"start":{"line":73,"column":19},"end":{"line":73,"column":20}},"loc":{"start":{"line":73,"column":39},"end":{"line":78,"column":1}},"line":73}},"branchMap":{"0":{"loc":{"start":{"line":9,"column":2},"end":{"line":12,"column":3}},"type":"if","locations":[{"start":{"line":9,"column":2},"end":{"line":12,"column":3}},{"start":{},"end":{}}],"line":9},"1":{"loc":{"start":{"line":14,"column":2},"end":{"line":14,"column":67}},"type":"if","locations":[{"start":{"line":14,"column":2},"end":{"line":14,"column":67}},{"start":{},"end":{}}],"line":14},"2":{"loc":{"start":{"line":56,"column":2},"end":{"line":58,"column":3}},"type":"if","locations":[{"start":{"line":56,"column":2},"end":{"line":58,"column":3}},{"start":{},"end":{}}],"line":56},"3":{"loc":{"start":{"line":61,"column":2},"end":{"line":61,"column":59}},"type":"if","locations":[{"start":{"line":61,"column":2},"end":{"line":61,"column":59}},{"start":{},"end":{}}],"line":61},"4":{"loc":{"start":{"line":63,"column":2},"end":{"line":65,"column":3}},"type":"if","locations":[{"start":{"line":63,"column":2},"end":{"line":65,"column":3}},{"start":{},"end":{}}],"line":63},"5":{"loc":{"start":{"line":75,"column":2},"end":{"line":76,"column":76}},"type":"if","locations":[{"start":{"line":75,"column":2},"end":{"line":76,"column":76}},{"start":{},"end":{}}],"line":75}},"s":{"0":1,"1":1,"2":1,"3":1,"4":1,"5":1,"6":0,"7":0,"8":0,"9":0,"10":0,"11":0,"12":0,"13":0,"14":0,"15":0,"16":0,"17":0,"18":0,"19":1,"20":0,"21":0,"22":0,"23":0,"24":1,"25":0,"26":0,"27":0,"28":0,"29":1,"30":0,"31":0,"32":0,"33":0,"34":0,"35":0,"36":0,"37":0,"38":0,"39":0,"40":1,"41":0,"42":0,"43":0,"44":0,"45":1},"f":{"0":0,"1":0,"2":0,"3":0,"4":0},"b":{"0":[0,0],"1":[0,0],"2":[0,0],"3":[0,0],"4":[0,0],"5":[0,0]},"_coverageSchema":"1a1c01bbd47fc00a2c39e90264f33305004495a9","hash":"0b6d3e9b097e96a9eb3125faf9cf4fa98de9c5d9"}
,"/Users/andelarwanda1/Desktop/ANDELA/BACKEND/middlewares/auth.js": {"path":"/Users/andelarwanda1/Desktop/ANDELA/BACKEND/middlewares/auth.js","statementMap":{"0":{"start":{"line":1,"column":0},"end":{"line":1,"column":25}},"1":{"start":{"line":2,"column":12},"end":{"line":2,"column":35}},"2":{"start":{"line":3,"column":21},"end":{"line":25,"column":3}},"3":{"start":{"line":4,"column":18},"end":{"line":4,"column":42}},"4":{"start":{"line":5,"column":4},"end":{"line":7,"column":5}},"5":{"start":{"line":6,"column":6},"end":{"line":6,"column":67}},"6":{"start":{"line":16,"column":4},"end":{"line":24,"column":7}},"7":{"start":{"line":17,"column":6},"end":{"line":19,"column":7}},"8":{"start":{"line":18,"column":8},"end":{"line":18,"column":65}},"9":{"start":{"line":21,"column":6},"end":{"line":21,"column":28}},"10":{"start":{"line":22,"column":6},"end":{"line":22,"column":13}},"11":{"start":{"line":23,"column":6},"end":{"line":23,"column":28}},"12":{"start":{"line":26,"column":0},"end":{"line":26,"column":30}}},"fnMap":{"0":{"name":"(anonymous_0)","decl":{"start":{"line":3,"column":21},"end":{"line":3,"column":22}},"loc":{"start":{"line":3,"column":41},"end":{"line":25,"column":3}},"line":3},"1":{"name":"(anonymous_1)","decl":{"start":{"line":16,"column":55},"end":{"line":16,"column":56}},"loc":{"start":{"line":16,"column":75},"end":{"line":24,"column":5}},"line":16}},"branchMap":{"0":{"loc":{"start":{"line":5,"column":4},"end":{"line":7,"column":5}},"type":"if","locations":[{"start":{"line":5,"column":4},"end":{"line":7,"column":5}},{"start":{},"end":{}}],"line":5},"1":{"loc":{"start":{"line":17,"column":6},"end":{"line":19,"column":7}},"type":"if","locations":[{"start":{"line":17,"column":6},"end":{"line":19,"column":7}},{"start":{},"end":{}}],"line":17}},"s":{"0":1,"1":1,"2":1,"3":0,"4":0,"5":0,"6":0,"7":0,"8":0,"9":0,"10":0,"11":0,"12":1},"f":{"0":0,"1":0},"b":{"0":[0,0],"1":[0,0]},"_coverageSchema":"1a1c01bbd47fc00a2c39e90264f33305004495a9","hash":"72c856b88c12641a5456ac0b753309f11a482400"}
,"/Users/andelarwanda1/Desktop/ANDELA/BACKEND/middlewares/signupvalidator.js": {"path":"/Users/andelarwanda1/Desktop/ANDELA/BACKEND/middlewares/signupvalidator.js","statementMap":{"0":{"start":{"line":1,"column":12},"end":{"line":1,"column":26}},"1":{"start":{"line":2,"column":15},"end":{"line":2,"column":32}},"2":{"start":{"line":4,"column":21},"end":{"line":10,"column":1}},"3":{"start":{"line":5,"column":17},"end":{"line":8,"column":4}},"4":{"start":{"line":9,"column":2},"end":{"line":9,"column":31}},"5":{"start":{"line":11,"column":21},"end":{"line":14,"column":1}},"6":{"start":{"line":12,"column":15},"end":{"line":12,"column":17}},"7":{"start":{"line":13,"column":2},"end":{"line":13,"column":43}},"8":{"start":{"line":15,"column":0},"end":{"line":18,"column":2}}},"fnMap":{"0":{"name":"(anonymous_0)","decl":{"start":{"line":4,"column":21},"end":{"line":4,"column":22}},"loc":{"start":{"line":4,"column":28},"end":{"line":10,"column":1}},"line":4},"1":{"name":"(anonymous_1)","decl":{"start":{"line":11,"column":21},"end":{"line":11,"column":22}},"loc":{"start":{"line":11,"column":41},"end":{"line":14,"column":1}},"line":11}},"branchMap":{},"s":{"0":1,"1":1,"2":1,"3":0,"4":0,"5":1,"6":0,"7":0,"8":1},"f":{"0":0,"1":0},"b":{},"_coverageSchema":"1a1c01bbd47fc00a2c39e90264f33305004495a9","hash":"5d39229b0aa70061642e9462e5facecba0a93ce9"}
,"/Users/andelarwanda1/Desktop/ANDELA/BACKEND/module/blog.js": {"path":"/Users/andelarwanda1/Desktop/ANDELA/BACKEND/module/blog.js","statementMap":{"0":{"start":{"line":1,"column":17},"end":{"line":1,"column":36}},"1":{"start":{"line":30,"column":19},"end":{"line":60,"column":2}},"2":{"start":{"line":62,"column":0},"end":{"line":62,"column":52}}},"fnMap":{},"branchMap":{},"s":{"0":1,"1":1,"2":1},"f":{},"b":{},"_coverageSchema":"1a1c01bbd47fc00a2c39e90264f33305004495a9","hash":"46d3828ba5eab3f516894347d1f9edcd21c921c4"}
,"/Users/andelarwanda1/Desktop/ANDELA/BACKEND/module/user.module.js": {"path":"/Users/andelarwanda1/Desktop/ANDELA/BACKEND/module/user.module.js","statementMap":{"0":{"start":{"line":1,"column":16},"end":{"line":1,"column":35}},"1":{"start":{"line":25,"column":14},"end":{"line":28,"column":2}},"2":{"start":{"line":29,"column":0},"end":{"line":29,"column":45}}},"fnMap":{},"branchMap":{},"s":{"0":1,"1":1,"2":1},"f":{},"b":{},"_coverageSchema":"1a1c01bbd47fc00a2c39e90264f33305004495a9","hash":"02ce229b20c7279ac9e751ed7bf649eea604ad53"}
,"/Users/andelarwanda1/Desktop/ANDELA/BACKEND/route/blog.js": {"path":"/Users/andelarwanda1/Desktop/ANDELA/BACKEND/route/blog.js","statementMap":{"0":{"start":{"line":1,"column":16},"end":{"line":1,"column":34}},"1":{"start":{"line":2,"column":16},"end":{"line":2,"column":35}},"2":{"start":{"line":5,"column":30},"end":{"line":5,"column":60}},"3":{"start":{"line":6,"column":21},"end":{"line":6,"column":51}},"4":{"start":{"line":7,"column":15},"end":{"line":7,"column":31}},"5":{"start":{"line":30,"column":0},"end":{"line":30,"column":28}},"6":{"start":{"line":49,"column":2},"end":{"line":49,"column":30}},"7":{"start":{"line":75,"column":2},"end":{"line":75,"column":33}},"8":{"start":{"line":111,"column":2},"end":{"line":111,"column":33}},"9":{"start":{"line":138,"column":2},"end":{"line":138,"column":50}},"10":{"start":{"line":139,"column":2},"end":{"line":139,"column":26}}},"fnMap":{},"branchMap":{},"s":{"0":1,"1":1,"2":1,"3":1,"4":1,"5":1,"6":1,"7":1,"8":1,"9":1,"10":1},"f":{},"b":{},"_coverageSchema":"1a1c01bbd47fc00a2c39e90264f33305004495a9","hash":"2f8778537bbaa2cf0be13d01c9ca97a129ae6fe3"}
,"/Users/andelarwanda1/Desktop/ANDELA/BACKEND/route/signin.js": {"path":"/Users/andelarwanda1/Desktop/ANDELA/BACKEND/route/signin.js","statementMap":{"0":{"start":{"line":1,"column":16},"end":{"line":1,"column":34}},"1":{"start":{"line":2,"column":15},"end":{"line":2,"column":31}},"2":{"start":{"line":3,"column":15},"end":{"line":3,"column":32}},"3":{"start":{"line":4,"column":12},"end":{"line":4,"column":35}},"4":{"start":{"line":5,"column":0},"end":{"line":5,"column":25}},"5":{"start":{"line":6,"column":13},"end":{"line":6,"column":45}},"6":{"start":{"line":8,"column":0},"end":{"line":32,"column":3}},"7":{"start":{"line":9,"column":2},"end":{"line":31,"column":3}},"8":{"start":{"line":10,"column":18},"end":{"line":10,"column":63}},"9":{"start":{"line":11,"column":21},"end":{"line":11,"column":75}},"10":{"start":{"line":12,"column":4},"end":{"line":14,"column":5}},"11":{"start":{"line":13,"column":6},"end":{"line":13,"column":52}},"12":{"start":{"line":15,"column":4},"end":{"line":17,"column":5}},"13":{"start":{"line":16,"column":6},"end":{"line":16,"column":45}},"14":{"start":{"line":18,"column":22},"end":{"line":21,"column":5}},"15":{"start":{"line":22,"column":18},"end":{"line":22,"column":70}},"16":{"start":{"line":23,"column":4},"end":{"line":23,"column":54}},"17":{"start":{"line":24,"column":4},"end":{"line":28,"column":7}},"18":{"start":{"line":30,"column":4},"end":{"line":30,"column":43}},"19":{"start":{"line":36,"column":2},"end":{"line":36,"column":26}}},"fnMap":{"0":{"name":"(anonymous_0)","decl":{"start":{"line":8,"column":17},"end":{"line":8,"column":18}},"loc":{"start":{"line":8,"column":37},"end":{"line":32,"column":1}},"line":8}},"branchMap":{"0":{"loc":{"start":{"line":12,"column":4},"end":{"line":14,"column":5}},"type":"if","locations":[{"start":{"line":12,"column":4},"end":{"line":14,"column":5}},{"start":{},"end":{}}],"line":12},"1":{"loc":{"start":{"line":15,"column":4},"end":{"line":17,"column":5}},"type":"if","locations":[{"start":{"line":15,"column":4},"end":{"line":17,"column":5}},{"start":{},"end":{}}],"line":15}},"s":{"0":1,"1":1,"2":1,"3":1,"4":1,"5":1,"6":1,"7":1,"8":1,"9":1,"10":0,"11":0,"12":0,"13":0,"14":0,"15":0,"16":0,"17":0,"18":1,"19":1},"f":{"0":1},"b":{"0":[0,0],"1":[0,0]},"_coverageSchema":"1a1c01bbd47fc00a2c39e90264f33305004495a9","hash":"3465504cfae557390849866d7ae32dabe6f728ce"}
,"/Users/andelarwanda1/Desktop/ANDELA/BACKEND/route/signup.js": {"path":"/Users/andelarwanda1/Desktop/ANDELA/BACKEND/route/signup.js","statementMap":{"0":{"start":{"line":1,"column":14},"end":{"line":1,"column":32}},"1":{"start":{"line":2,"column":14},"end":{"line":2,"column":30}},"2":{"start":{"line":3,"column":19},"end":{"line":3,"column":60}},"3":{"start":{"line":25,"column":0},"end":{"line":25,"column":28}},"4":{"start":{"line":27,"column":0},"end":{"line":27,"column":22}}},"fnMap":{},"branchMap":{},"s":{"0":1,"1":1,"2":1,"3":1,"4":1},"f":{},"b":{},"_coverageSchema":"1a1c01bbd47fc00a2c39e90264f33305004495a9","hash":"336562177e7496f148167375aba49c664d7a6bf2"}
,"/Users/andelarwanda1/Desktop/ANDELA/BACKEND/route/user.routes.js": {"path":"/Users/andelarwanda1/Desktop/ANDELA/BACKEND/route/user.routes.js","statementMap":{"0":{"start":{"line":1,"column":16},"end":{"line":1,"column":34}},"1":{"start":{"line":3,"column":21},"end":{"line":3,"column":62}},"2":{"start":{"line":5,"column":15},"end":{"line":5,"column":31}},"3":{"start":{"line":23,"column":0},"end":{"line":23,"column":42}},"4":{"start":{"line":49,"column":0},"end":{"line":49,"column":46}},"5":{"start":{"line":88,"column":0},"end":{"line":88,"column":45}},"6":{"start":{"line":115,"column":0},"end":{"line":115,"column":48}},"7":{"start":{"line":117,"column":0},"end":{"line":117,"column":22}}},"fnMap":{},"branchMap":{},"s":{"0":1,"1":1,"2":1,"3":1,"4":1,"5":1,"6":1,"7":1},"f":{},"b":{},"_coverageSchema":"1a1c01bbd47fc00a2c39e90264f33305004495a9","hash":"6e2c4aad67eb52f5f664308c107dd523b407ba9b"}
}
