{"/Users/andelarwanda1/Desktop/ANDELA/BACKEND/controllers/blog.js": {"path":"/Users/andelarwanda1/Desktop/ANDELA/BACKEND/controllers/blog.js","statementMap":{"0":{"start":{"line":1,"column":13},"end":{"line":1,"column":38}},"1":{"start":{"line":2,"column":12},"end":{"line":2,"column":26}},"2":{"start":{"line":5,"column":19},"end":{"line":37,"column":3}},"3":{"start":{"line":7,"column":17},"end":{"line":11,"column":4}},"4":{"start":{"line":12,"column":20},"end":{"line":12,"column":45}},"5":{"start":{"line":14,"column":2},"end":{"line":19,"column":3}},"6":{"start":{"line":15,"column":3},"end":{"line":15,"column":22}},"7":{"start":{"line":16,"column":3},"end":{"line":16,"column":14}},"8":{"start":{"line":17,"column":3},"end":{"line":17,"column":34}},"9":{"start":{"line":18,"column":3},"end":{"line":18,"column":51}},"10":{"start":{"line":21,"column":17},"end":{"line":25,"column":6}},"11":{"start":{"line":26,"column":4},"end":{"line":26,"column":21}},"12":{"start":{"line":27,"column":4},"end":{"line":35,"column":5}},"13":{"start":{"line":29,"column":5},"end":{"line":29,"column":23}},"14":{"start":{"line":30,"column":5},"end":{"line":30,"column":16}},"15":{"start":{"line":31,"column":3},"end":{"line":31,"column":68}},"16":{"start":{"line":33,"column":6},"end":{"line":33,"column":17}},"17":{"start":{"line":34,"column":3},"end":{"line":34,"column":45}},"18":{"start":{"line":36,"column":4},"end":{"line":36,"column":46}},"19":{"start":{"line":38,"column":24},"end":{"line":41,"column":3}},"20":{"start":{"line":44,"column":21},"end":{"line":52,"column":3}},"21":{"start":{"line":46,"column":6},"end":{"line":51,"column":7}},"22":{"start":{"line":47,"column":23},"end":{"line":47,"column":42}},"23":{"start":{"line":48,"column":10},"end":{"line":48,"column":46}},"24":{"start":{"line":50,"column":10},"end":{"line":50,"column":71}},"25":{"start":{"line":55,"column":21},"end":{"line":62,"column":3}},"26":{"start":{"line":56,"column":4},"end":{"line":61,"column":5}},"27":{"start":{"line":57,"column":19},"end":{"line":57,"column":61}},"28":{"start":{"line":58,"column":6},"end":{"line":58,"column":42}},"29":{"start":{"line":60,"column":6},"end":{"line":60,"column":61}},"30":{"start":{"line":64,"column":21},"end":{"line":79,"column":3}},"31":{"start":{"line":66,"column":19},"end":{"line":66,"column":61}},"32":{"start":{"line":67,"column":6},"end":{"line":69,"column":7}},"33":{"start":{"line":68,"column":8},"end":{"line":68,"column":36}},"34":{"start":{"line":70,"column":6},"end":{"line":72,"column":7}},"35":{"start":{"line":71,"column":8},"end":{"line":71,"column":48}},"36":{"start":{"line":73,"column":6},"end":{"line":78,"column":5}},"37":{"start":{"line":74,"column":6},"end":{"line":74,"column":24}},"38":{"start":{"line":75,"column":6},"end":{"line":75,"column":21}},"39":{"start":{"line":77,"column":6},"end":{"line":77,"column":63}},"40":{"start":{"line":81,"column":21},"end":{"line":90,"column":3}},"41":{"start":{"line":83,"column":4},"end":{"line":89,"column":5}},"42":{"start":{"line":84,"column":18},"end":{"line":84,"column":61}},"43":{"start":{"line":85,"column":6},"end":{"line":85,"column":23}},"44":{"start":{"line":86,"column":6},"end":{"line":86,"column":76}},"45":{"start":{"line":88,"column":6},"end":{"line":88,"column":61}},"46":{"start":{"line":93,"column":0},"end":{"line":99,"column":2}}},"fnMap":{"0":{"name":"(anonymous_0)","decl":{"start":{"line":5,"column":19},"end":{"line":5,"column":20}},"loc":{"start":{"line":5,"column":39},"end":{"line":37,"column":3}},"line":5},"1":{"name":"(anonymous_1)","decl":{"start":{"line":38,"column":24},"end":{"line":38,"column":25}},"loc":{"start":{"line":38,"column":38},"end":{"line":41,"column":3}},"line":38},"2":{"name":"(anonymous_2)","decl":{"start":{"line":44,"column":21},"end":{"line":44,"column":22}},"loc":{"start":{"line":44,"column":37},"end":{"line":52,"column":3}},"line":44},"3":{"name":"(anonymous_3)","decl":{"start":{"line":55,"column":21},"end":{"line":55,"column":22}},"loc":{"start":{"line":55,"column":41},"end":{"line":62,"column":3}},"line":55},"4":{"name":"(anonymous_4)","decl":{"start":{"line":64,"column":21},"end":{"line":64,"column":22}},"loc":{"start":{"line":64,"column":41},"end":{"line":79,"column":3}},"line":64},"5":{"name":"(anonymous_5)","decl":{"start":{"line":81,"column":21},"end":{"line":81,"column":22}},"loc":{"start":{"line":81,"column":41},"end":{"line":90,"column":3}},"line":81}},"branchMap":{"0":{"loc":{"start":{"line":14,"column":2},"end":{"line":19,"column":3}},"type":"if","locations":[{"start":{"line":14,"column":2},"end":{"line":19,"column":3}},{"start":{},"end":{}}],"line":14},"1":{"loc":{"start":{"line":67,"column":6},"end":{"line":69,"column":7}},"type":"if","locations":[{"start":{"line":67,"column":6},"end":{"line":69,"column":7}},{"start":{},"end":{}}],"line":67},"2":{"loc":{"start":{"line":70,"column":6},"end":{"line":72,"column":7}},"type":"if","locations":[{"start":{"line":70,"column":6},"end":{"line":72,"column":7}},{"start":{},"end":{}}],"line":70}},"s":{"0":1,"1":1,"2":1,"3":1,"4":1,"5":1,"6":0,"7":0,"8":0,"9":0,"10":1,"11":1,"12":1,"13":1,"14":1,"15":1,"16":0,"17":0,"18":1,"19":1,"20":1,"21":1,"22":1,"23":1,"24":0,"25":1,"26":1,"27":1,"28":0,"29":1,"30":1,"31":1,"32":0,"33":0,"34":0,"35":0,"36":0,"37":0,"38":0,"39":0,"40":1,"41":0,"42":0,"43":0,"44":0,"45":0,"46":1},"f":{"0":1,"1":0,"2":1,"3":1,"4":1,"5":0},"b":{"0":[0,1],"1":[0,0],"2":[0,0]},"_coverageSchema":"1a1c01bbd47fc00a2c39e90264f33305004495a9","hash":"bca0415d87099ce146e390cbfd6e08619c79022d"}
,"/Users/andelarwanda1/Desktop/ANDELA/BACKEND/controllers/user.controller.js": {"path":"/Users/andelarwanda1/Desktop/ANDELA/BACKEND/controllers/user.controller.js","statementMap":{"0":{"start":{"line":1,"column":13},"end":{"line":1,"column":45}},"1":{"start":{"line":2,"column":39},"end":{"line":2,"column":80}},"2":{"start":{"line":3,"column":30},"end":{"line":3,"column":49}},"3":{"start":{"line":4,"column":10},"end":{"line":4,"column":33}},"4":{"start":{"line":5,"column":0},"end":{"line":5,"column":25}},"5":{"start":{"line":7,"column":19},"end":{"line":28,"column":1}},"6":{"start":{"line":8,"column":27},"end":{"line":8,"column":49}},"7":{"start":{"line":9,"column":2},"end":{"line":12,"column":3}},"8":{"start":{"line":10,"column":4},"end":{"line":10,"column":23}},"9":{"start":{"line":11,"column":4},"end":{"line":11,"column":47}},"10":{"start":{"line":13,"column":13},"end":{"line":13,"column":58}},"11":{"start":{"line":14,"column":2},"end":{"line":14,"column":67}},"12":{"start":{"line":14,"column":12},"end":{"line":14,"column":67}},"13":{"start":{"line":15,"column":2},"end":{"line":15,"column":60}},"14":{"start":{"line":16,"column":2},"end":{"line":19,"column":5}},"15":{"start":{"line":20,"column":2},"end":{"line":20,"column":19}},"16":{"start":{"line":21,"column":2},"end":{"line":26,"column":3}},"17":{"start":{"line":22,"column":4},"end":{"line":22,"column":22}},"18":{"start":{"line":23,"column":4},"end":{"line":23,"column":76}},"19":{"start":{"line":25,"column":4},"end":{"line":25,"column":60}},"20":{"start":{"line":30,"column":19},"end":{"line":39,"column":1}},"21":{"start":{"line":31,"column":2},"end":{"line":37,"column":3}},"22":{"start":{"line":32,"column":18},"end":{"line":32,"column":37}},"23":{"start":{"line":33,"column":4},"end":{"line":33,"column":40}},"24":{"start":{"line":36,"column":4},"end":{"line":36,"column":65}},"25":{"start":{"line":41,"column":19},"end":{"line":54,"column":1}},"26":{"start":{"line":44,"column":2},"end":{"line":52,"column":3}},"27":{"start":{"line":45,"column":17},"end":{"line":47,"column":6}},"28":{"start":{"line":48,"column":4},"end":{"line":48,"column":39}},"29":{"start":{"line":51,"column":4},"end":{"line":51,"column":75}},"30":{"start":{"line":55,"column":19},"end":{"line":73,"column":1}},"31":{"start":{"line":56,"column":20},"end":{"line":56,"column":42}},"32":{"start":{"line":57,"column":2},"end":{"line":59,"column":3}},"33":{"start":{"line":58,"column":4},"end":{"line":58,"column":58}},"34":{"start":{"line":61,"column":13},"end":{"line":61,"column":47}},"35":{"start":{"line":62,"column":2},"end":{"line":62,"column":59}},"36":{"start":{"line":62,"column":13},"end":{"line":62,"column":59}},"37":{"start":{"line":64,"column":2},"end":{"line":66,"column":3}},"38":{"start":{"line":65,"column":4},"end":{"line":65,"column":62}},"39":{"start":{"line":68,"column":2},"end":{"line":71,"column":4}},"40":{"start":{"line":72,"column":2},"end":{"line":72,"column":33}},"41":{"start":{"line":74,"column":19},"end":{"line":79,"column":1}},"42":{"start":{"line":75,"column":15},"end":{"line":75,"column":58}},"43":{"start":{"line":76,"column":2},"end":{"line":77,"column":76}},"44":{"start":{"line":77,"column":4},"end":{"line":77,"column":76}},"45":{"start":{"line":78,"column":2},"end":{"line":78,"column":90}},"46":{"start":{"line":80,"column":0},"end":{"line":86,"column":2}}},"fnMap":{"0":{"name":"(anonymous_0)","decl":{"start":{"line":7,"column":19},"end":{"line":7,"column":20}},"loc":{"start":{"line":7,"column":39},"end":{"line":28,"column":1}},"line":7},"1":{"name":"(anonymous_1)","decl":{"start":{"line":30,"column":19},"end":{"line":30,"column":20}},"loc":{"start":{"line":30,"column":39},"end":{"line":39,"column":1}},"line":30},"2":{"name":"(anonymous_2)","decl":{"start":{"line":41,"column":19},"end":{"line":41,"column":20}},"loc":{"start":{"line":41,"column":39},"end":{"line":54,"column":1}},"line":41},"3":{"name":"(anonymous_3)","decl":{"start":{"line":55,"column":19},"end":{"line":55,"column":20}},"loc":{"start":{"line":55,"column":39},"end":{"line":73,"column":1}},"line":55},"4":{"name":"(anonymous_4)","decl":{"start":{"line":74,"column":19},"end":{"line":74,"column":20}},"loc":{"start":{"line":74,"column":39},"end":{"line":79,"column":1}},"line":74}},"branchMap":{"0":{"loc":{"start":{"line":9,"column":2},"end":{"line":12,"column":3}},"type":"if","locations":[{"start":{"line":9,"column":2},"end":{"line":12,"column":3}},{"start":{},"end":{}}],"line":9},"1":{"loc":{"start":{"line":14,"column":2},"end":{"line":14,"column":67}},"type":"if","locations":[{"start":{"line":14,"column":2},"end":{"line":14,"column":67}},{"start":{},"end":{}}],"line":14},"2":{"loc":{"start":{"line":57,"column":2},"end":{"line":59,"column":3}},"type":"if","locations":[{"start":{"line":57,"column":2},"end":{"line":59,"column":3}},{"start":{},"end":{}}],"line":57},"3":{"loc":{"start":{"line":62,"column":2},"end":{"line":62,"column":59}},"type":"if","locations":[{"start":{"line":62,"column":2},"end":{"line":62,"column":59}},{"start":{},"end":{}}],"line":62},"4":{"loc":{"start":{"line":64,"column":2},"end":{"line":66,"column":3}},"type":"if","locations":[{"start":{"line":64,"column":2},"end":{"line":66,"column":3}},{"start":{},"end":{}}],"line":64},"5":{"loc":{"start":{"line":76,"column":2},"end":{"line":77,"column":76}},"type":"if","locations":[{"start":{"line":76,"column":2},"end":{"line":77,"column":76}},{"start":{},"end":{}}],"line":76}},"s":{"0":1,"1":1,"2":1,"3":1,"4":1,"5":1,"6":0,"7":0,"8":0,"9":0,"10":0,"11":0,"12":0,"13":0,"14":0,"15":0,"16":0,"17":0,"18":0,"19":0,"20":1,"21":1,"22":1,"23":1,"24":0,"25":1,"26":1,"27":1,"28":0,"29":1,"30":1,"31":1,"32":1,"33":0,"34":1,"35":0,"36":0,"37":0,"38":0,"39":0,"40":0,"41":1,"42":1,"43":0,"44":0,"45":0,"46":1},"f":{"0":0,"1":1,"2":1,"3":1,"4":1},"b":{"0":[0,0],"1":[0,0],"2":[0,1],"3":[0,0],"4":[0,0],"5":[0,0]},"_coverageSchema":"1a1c01bbd47fc00a2c39e90264f33305004495a9","hash":"d600a093395183b47a53155f472adba78c1af5f9"}
,"/Users/andelarwanda1/Desktop/ANDELA/BACKEND/middlewares/auth.js": {"path":"/Users/andelarwanda1/Desktop/ANDELA/BACKEND/middlewares/auth.js","statementMap":{"0":{"start":{"line":1,"column":0},"end":{"line":1,"column":25}},"1":{"start":{"line":2,"column":12},"end":{"line":2,"column":35}},"2":{"start":{"line":3,"column":21},"end":{"line":27,"column":1}},"3":{"start":{"line":4,"column":2},"end":{"line":26,"column":3}},"4":{"start":{"line":5,"column":18},"end":{"line":5,"column":42}},"5":{"start":{"line":6,"column":4},"end":{"line":8,"column":5}},"6":{"start":{"line":7,"column":6},"end":{"line":7,"column":55}},"7":{"start":{"line":9,"column":22},"end":{"line":9,"column":41}},"8":{"start":{"line":10,"column":4},"end":{"line":16,"column":5}},"9":{"start":{"line":11,"column":6},"end":{"line":15,"column":9}},"10":{"start":{"line":17,"column":20},"end":{"line":17,"column":74}},"11":{"start":{"line":18,"column":0},"end":{"line":21,"column":5}},"12":{"start":{"line":20,"column":6},"end":{"line":20,"column":71}},"13":{"start":{"line":22,"column":4},"end":{"line":22,"column":23}},"14":{"start":{"line":23,"column":4},"end":{"line":23,"column":18}},"15":{"start":{"line":25,"column":4},"end":{"line":25,"column":70}},"16":{"start":{"line":28,"column":0},"end":{"line":28,"column":30}}},"fnMap":{"0":{"name":"(anonymous_0)","decl":{"start":{"line":3,"column":21},"end":{"line":3,"column":22}},"loc":{"start":{"line":3,"column":41},"end":{"line":27,"column":1}},"line":3}},"branchMap":{"0":{"loc":{"start":{"line":6,"column":4},"end":{"line":8,"column":5}},"type":"if","locations":[{"start":{"line":6,"column":4},"end":{"line":8,"column":5}},{"start":{},"end":{}}],"line":6},"1":{"loc":{"start":{"line":10,"column":4},"end":{"line":16,"column":5}},"type":"if","locations":[{"start":{"line":10,"column":4},"end":{"line":16,"column":5}},{"start":{},"end":{}}],"line":10},"2":{"loc":{"start":{"line":18,"column":0},"end":{"line":21,"column":5}},"type":"if","locations":[{"start":{"line":18,"column":0},"end":{"line":21,"column":5}},{"start":{},"end":{}}],"line":18},"3":{"loc":{"start":{"line":18,"column":3},"end":{"line":18,"column":29}},"type":"binary-expr","locations":[{"start":{"line":18,"column":3},"end":{"line":18,"column":17}},{"start":{"line":18,"column":21},"end":{"line":18,"column":29}}],"line":18}},"s":{"0":1,"1":1,"2":1,"3":0,"4":0,"5":0,"6":0,"7":0,"8":0,"9":0,"10":0,"11":0,"12":0,"13":0,"14":0,"15":0,"16":1},"f":{"0":0},"b":{"0":[0,0],"1":[0,0],"2":[0,0],"3":[0,0]},"_coverageSchema":"1a1c01bbd47fc00a2c39e90264f33305004495a9","hash":"3e989109ff0a5a2e72440d89ad1a5d84a47cd47b"}
,"/Users/andelarwanda1/Desktop/ANDELA/BACKEND/middlewares/signupvalidator.js": {"path":"/Users/andelarwanda1/Desktop/ANDELA/BACKEND/middlewares/signupvalidator.js","statementMap":{"0":{"start":{"line":1,"column":12},"end":{"line":1,"column":26}},"1":{"start":{"line":2,"column":15},"end":{"line":2,"column":32}},"2":{"start":{"line":4,"column":21},"end":{"line":10,"column":1}},"3":{"start":{"line":5,"column":17},"end":{"line":8,"column":4}},"4":{"start":{"line":9,"column":2},"end":{"line":9,"column":31}},"5":{"start":{"line":11,"column":24},"end":{"line":18,"column":1}},"6":{"start":{"line":12,"column":17},"end":{"line":16,"column":4}},"7":{"start":{"line":17,"column":2},"end":{"line":17,"column":34}},"8":{"start":{"line":19,"column":21},"end":{"line":22,"column":1}},"9":{"start":{"line":20,"column":15},"end":{"line":20,"column":17}},"10":{"start":{"line":21,"column":2},"end":{"line":21,"column":43}},"11":{"start":{"line":23,"column":0},"end":{"line":27,"column":2}}},"fnMap":{"0":{"name":"(anonymous_0)","decl":{"start":{"line":4,"column":21},"end":{"line":4,"column":22}},"loc":{"start":{"line":4,"column":28},"end":{"line":10,"column":1}},"line":4},"1":{"name":"(anonymous_1)","decl":{"start":{"line":11,"column":24},"end":{"line":11,"column":25}},"loc":{"start":{"line":11,"column":34},"end":{"line":18,"column":1}},"line":11},"2":{"name":"(anonymous_2)","decl":{"start":{"line":19,"column":21},"end":{"line":19,"column":22}},"loc":{"start":{"line":19,"column":41},"end":{"line":22,"column":1}},"line":19}},"branchMap":{},"s":{"0":1,"1":1,"2":1,"3":1,"4":1,"5":1,"6":0,"7":0,"8":1,"9":0,"10":0,"11":1},"f":{"0":1,"1":0,"2":0},"b":{},"_coverageSchema":"1a1c01bbd47fc00a2c39e90264f33305004495a9","hash":"105704b36ad7a00f49fb8f612616ddcb6dc460c8"}
,"/Users/andelarwanda1/Desktop/ANDELA/BACKEND/module/blog.js": {"path":"/Users/andelarwanda1/Desktop/ANDELA/BACKEND/module/blog.js","statementMap":{"0":{"start":{"line":1,"column":17},"end":{"line":1,"column":36}},"1":{"start":{"line":30,"column":19},"end":{"line":60,"column":2}},"2":{"start":{"line":62,"column":0},"end":{"line":62,"column":52}}},"fnMap":{},"branchMap":{},"s":{"0":1,"1":1,"2":1},"f":{},"b":{},"_coverageSchema":"1a1c01bbd47fc00a2c39e90264f33305004495a9","hash":"46d3828ba5eab3f516894347d1f9edcd21c921c4"}
,"/Users/andelarwanda1/Desktop/ANDELA/BACKEND/module/user.module.js": {"path":"/Users/andelarwanda1/Desktop/ANDELA/BACKEND/module/user.module.js","statementMap":{"0":{"start":{"line":1,"column":16},"end":{"line":1,"column":35}},"1":{"start":{"line":25,"column":14},"end":{"line":28,"column":2}},"2":{"start":{"line":29,"column":0},"end":{"line":29,"column":45}}},"fnMap":{},"branchMap":{},"s":{"0":1,"1":1,"2":1},"f":{},"b":{},"_coverageSchema":"1a1c01bbd47fc00a2c39e90264f33305004495a9","hash":"02ce229b20c7279ac9e751ed7bf649eea604ad53"}
,"/Users/andelarwanda1/Desktop/ANDELA/BACKEND/route/blog.js": {"path":"/Users/andelarwanda1/Desktop/ANDELA/BACKEND/route/blog.js","statementMap":{"0":{"start":{"line":1,"column":16},"end":{"line":1,"column":34}},"1":{"start":{"line":2,"column":16},"end":{"line":2,"column":35}},"2":{"start":{"line":5,"column":30},"end":{"line":5,"column":60}},"3":{"start":{"line":6,"column":21},"end":{"line":6,"column":51}},"4":{"start":{"line":7,"column":15},"end":{"line":7,"column":31}},"5":{"start":{"line":30,"column":0},"end":{"line":30,"column":28}},"6":{"start":{"line":49,"column":2},"end":{"line":49,"column":30}},"7":{"start":{"line":75,"column":2},"end":{"line":75,"column":33}},"8":{"start":{"line":111,"column":2},"end":{"line":111,"column":33}},"9":{"start":{"line":140,"column":2},"end":{"line":140,"column":50}},"10":{"start":{"line":141,"column":2},"end":{"line":141,"column":26}}},"fnMap":{},"branchMap":{},"s":{"0":1,"1":1,"2":1,"3":1,"4":1,"5":1,"6":1,"7":1,"8":1,"9":1,"10":1},"f":{},"b":{},"_coverageSchema":"1a1c01bbd47fc00a2c39e90264f33305004495a9","hash":"81f52be840bdd7e56c7227a580d8fc994a49d29a"}
,"/Users/andelarwanda1/Desktop/ANDELA/BACKEND/route/signin.js": {"path":"/Users/andelarwanda1/Desktop/ANDELA/BACKEND/route/signin.js","statementMap":{"0":{"start":{"line":1,"column":16},"end":{"line":1,"column":34}},"1":{"start":{"line":2,"column":15},"end":{"line":2,"column":31}},"2":{"start":{"line":3,"column":15},"end":{"line":3,"column":32}},"3":{"start":{"line":4,"column":12},"end":{"line":4,"column":35}},"4":{"start":{"line":5,"column":0},"end":{"line":5,"column":25}},"5":{"start":{"line":6,"column":13},"end":{"line":6,"column":45}},"6":{"start":{"line":47,"column":0},"end":{"line":71,"column":3}},"7":{"start":{"line":48,"column":2},"end":{"line":70,"column":3}},"8":{"start":{"line":49,"column":17},"end":{"line":49,"column":62}},"9":{"start":{"line":50,"column":21},"end":{"line":50,"column":75}},"10":{"start":{"line":51,"column":4},"end":{"line":53,"column":5}},"11":{"start":{"line":52,"column":6},"end":{"line":52,"column":52}},"12":{"start":{"line":54,"column":4},"end":{"line":56,"column":5}},"13":{"start":{"line":55,"column":6},"end":{"line":55,"column":45}},"14":{"start":{"line":57,"column":22},"end":{"line":60,"column":5}},"15":{"start":{"line":61,"column":18},"end":{"line":61,"column":70}},"16":{"start":{"line":62,"column":4},"end":{"line":62,"column":54}},"17":{"start":{"line":63,"column":4},"end":{"line":67,"column":7}},"18":{"start":{"line":69,"column":4},"end":{"line":69,"column":43}},"19":{"start":{"line":72,"column":0},"end":{"line":72,"column":24}}},"fnMap":{"0":{"name":"(anonymous_0)","decl":{"start":{"line":47,"column":17},"end":{"line":47,"column":18}},"loc":{"start":{"line":47,"column":37},"end":{"line":71,"column":1}},"line":47}},"branchMap":{"0":{"loc":{"start":{"line":51,"column":4},"end":{"line":53,"column":5}},"type":"if","locations":[{"start":{"line":51,"column":4},"end":{"line":53,"column":5}},{"start":{},"end":{}}],"line":51},"1":{"loc":{"start":{"line":54,"column":4},"end":{"line":56,"column":5}},"type":"if","locations":[{"start":{"line":54,"column":4},"end":{"line":56,"column":5}},{"start":{},"end":{}}],"line":54}},"s":{"0":1,"1":1,"2":1,"3":1,"4":1,"5":1,"6":1,"7":2,"8":2,"9":2,"10":0,"11":0,"12":0,"13":0,"14":0,"15":0,"16":0,"17":0,"18":2,"19":1},"f":{"0":2},"b":{"0":[0,0],"1":[0,0]},"_coverageSchema":"1a1c01bbd47fc00a2c39e90264f33305004495a9","hash":"bc7e43582502509ba9ab9feb8933eacefd3ba5f8"}
,"/Users/andelarwanda1/Desktop/ANDELA/BACKEND/route/signup.js": {"path":"/Users/andelarwanda1/Desktop/ANDELA/BACKEND/route/signup.js","statementMap":{"0":{"start":{"line":1,"column":14},"end":{"line":1,"column":32}},"1":{"start":{"line":2,"column":14},"end":{"line":2,"column":30}},"2":{"start":{"line":3,"column":19},"end":{"line":3,"column":60}},"3":{"start":{"line":25,"column":0},"end":{"line":25,"column":28}},"4":{"start":{"line":27,"column":0},"end":{"line":27,"column":22}}},"fnMap":{},"branchMap":{},"s":{"0":1,"1":1,"2":1,"3":1,"4":1},"f":{},"b":{},"_coverageSchema":"1a1c01bbd47fc00a2c39e90264f33305004495a9","hash":"336562177e7496f148167375aba49c664d7a6bf2"}
,"/Users/andelarwanda1/Desktop/ANDELA/BACKEND/route/user.routes.js": {"path":"/Users/andelarwanda1/Desktop/ANDELA/BACKEND/route/user.routes.js","statementMap":{"0":{"start":{"line":1,"column":16},"end":{"line":1,"column":34}},"1":{"start":{"line":3,"column":21},"end":{"line":3,"column":62}},"2":{"start":{"line":5,"column":15},"end":{"line":5,"column":31}},"3":{"start":{"line":23,"column":0},"end":{"line":23,"column":42}},"4":{"start":{"line":49,"column":0},"end":{"line":49,"column":46}},"5":{"start":{"line":88,"column":0},"end":{"line":88,"column":45}},"6":{"start":{"line":115,"column":0},"end":{"line":115,"column":48}},"7":{"start":{"line":117,"column":0},"end":{"line":117,"column":22}}},"fnMap":{},"branchMap":{},"s":{"0":1,"1":1,"2":1,"3":1,"4":1,"5":1,"6":1,"7":1},"f":{},"b":{},"_coverageSchema":"1a1c01bbd47fc00a2c39e90264f33305004495a9","hash":"6e2c4aad67eb52f5f664308c107dd523b407ba9b"}
}
