TN:
SF:controllers/blog.js
FN:5,(anonymous_0)
FN:38,(anonymous_1)
FN:44,(anonymous_2)
FN:55,(anonymous_3)
FN:64,(anonymous_4)
FN:81,(anonymous_5)
FNF:6
FNH:4
FNDA:1,(anonymous_0)
FNDA:0,(anonymous_1)
FNDA:1,(anonymous_2)
FNDA:1,(anonymous_3)
FNDA:1,(anonymous_4)
FNDA:0,(anonymous_5)
DA:1,1
DA:2,1
DA:5,1
DA:7,1
DA:12,1
DA:14,1
DA:15,0
DA:16,0
DA:17,0
DA:18,0
DA:21,1
DA:26,1
DA:27,1
DA:29,1
DA:30,1
DA:31,1
DA:33,0
DA:34,0
DA:36,1
DA:38,1
DA:44,1
DA:46,1
DA:47,1
DA:48,1
DA:50,0
DA:55,1
DA:56,1
DA:57,1
DA:58,0
DA:60,1
DA:64,1
DA:66,1
DA:67,0
DA:68,0
DA:70,0
DA:71,0
DA:73,0
DA:74,0
DA:75,0
DA:77,0
DA:81,1
DA:83,0
DA:84,0
DA:85,0
DA:86,0
DA:88,0
DA:93,1
LF:47
LH:26
BRDA:14,0,0,0
BRDA:14,0,1,1
BRDA:67,1,0,0
BRDA:67,1,1,0
BRDA:70,2,0,0
BRDA:70,2,1,0
BRF:6
BRH:1
end_of_record
TN:
SF:controllers/user.controller.js
FN:7,(anonymous_0)
FN:30,(anonymous_1)
FN:41,(anonymous_2)
FN:55,(anonymous_3)
FN:74,(anonymous_4)
FNF:5
FNH:4
FNDA:0,(anonymous_0)
FNDA:1,(anonymous_1)
FNDA:1,(anonymous_2)
FNDA:1,(anonymous_3)
FNDA:1,(anonymous_4)
DA:1,1
DA:2,1
DA:3,1
DA:4,1
DA:5,1
DA:7,1
DA:8,0
DA:9,0
DA:10,0
DA:11,0
DA:13,0
DA:14,0
DA:15,0
DA:16,0
DA:20,0
DA:21,0
DA:22,0
DA:23,0
DA:25,0
DA:30,1
DA:31,1
DA:32,1
DA:33,1
DA:36,0
DA:41,1
DA:44,1
DA:45,1
DA:48,0
DA:51,1
DA:55,1
DA:56,1
DA:57,1
DA:58,0
DA:61,1
DA:62,0
DA:64,0
DA:65,0
DA:68,0
DA:72,0
DA:74,1
DA:75,1
DA:76,0
DA:77,0
DA:78,0
DA:80,1
LF:45
LH:21
BRDA:9,0,0,0
BRDA:9,0,1,0
BRDA:14,1,0,0
BRDA:14,1,1,0
BRDA:57,2,0,0
BRDA:57,2,1,1
BRDA:62,3,0,0
BRDA:62,3,1,0
BRDA:64,4,0,0
BRDA:64,4,1,0
BRDA:76,5,0,0
BRDA:76,5,1,0
BRF:12
BRH:1
end_of_record
TN:
SF:middlewares/auth.js
FN:3,(anonymous_0)
FNF:1
FNH:0
FNDA:0,(anonymous_0)
DA:1,1
DA:2,1
DA:3,1
DA:4,0
DA:5,0
DA:6,0
DA:7,0
DA:9,0
DA:10,0
DA:11,0
DA:17,0
DA:18,0
DA:20,0
DA:22,0
DA:23,0
DA:25,0
DA:28,1
LF:17
LH:4
BRDA:6,0,0,0
BRDA:6,0,1,0
BRDA:10,1,0,0
BRDA:10,1,1,0
BRDA:18,2,0,0
BRDA:18,2,1,0
BRDA:18,3,0,0
BRDA:18,3,1,0
BRF:8
BRH:0
end_of_record
TN:
SF:middlewares/signupvalidator.js
FN:4,(anonymous_0)
FN:11,(anonymous_1)
FN:19,(anonymous_2)
FNF:3
FNH:1
FNDA:1,(anonymous_0)
FNDA:0,(anonymous_1)
FNDA:0,(anonymous_2)
DA:1,1
DA:2,1
DA:4,1
DA:5,1
DA:9,1
DA:11,1
DA:12,0
DA:17,0
DA:19,1
DA:20,0
DA:21,0
DA:23,1
LF:12
LH:8
BRF:0
BRH:0
end_of_record
TN:
SF:module/blog.js
FNF:0
FNH:0
DA:1,1
DA:30,1
DA:62,1
LF:3
LH:3
BRF:0
BRH:0
end_of_record
TN:
SF:module/user.module.js
FNF:0
FNH:0
DA:1,1
DA:25,1
DA:29,1
LF:3
LH:3
BRF:0
BRH:0
end_of_record
TN:
SF:route/blog.js
FNF:0
FNH:0
DA:1,1
DA:2,1
DA:5,1
DA:6,1
DA:7,1
DA:30,1
DA:49,1
DA:75,1
DA:111,1
DA:140,1
DA:141,1
LF:11
LH:11
BRF:0
BRH:0
end_of_record
TN:
SF:route/signin.js
FN:47,(anonymous_0)
FNF:1
FNH:1
FNDA:2,(anonymous_0)
DA:1,1
DA:2,1
DA:3,1
DA:4,1
DA:5,1
DA:6,1
DA:47,1
DA:48,2
DA:49,2
DA:50,2
DA:51,0
DA:52,0
DA:54,0
DA:55,0
DA:57,0
DA:61,0
DA:62,0
DA:63,0
DA:69,2
DA:72,1
LF:20
LH:12
BRDA:51,0,0,0
BRDA:51,0,1,0
BRDA:54,1,0,0
BRDA:54,1,1,0
BRF:4
BRH:0
end_of_record
TN:
SF:route/signup.js
FNF:0
FNH:0
DA:1,1
DA:2,1
DA:3,1
DA:25,1
DA:27,1
LF:5
LH:5
BRF:0
BRH:0
end_of_record
TN:
SF:route/user.routes.js
FNF:0
FNH:0
DA:1,1
DA:3,1
DA:5,1
DA:23,1
DA:49,1
DA:88,1
DA:115,1
DA:117,1
LF:8
LH:8
BRF:0
BRH:0
end_of_record
